make all --print-data-base --no-builtin-variables --no-builtin-rules --question
# GNU Make 3.81
# Copyright (C) 2006  Free Software Foundation, Inc.
# This is free software; see the source for copying conditions.
# There is NO warranty; not even for MERCHANTABILITY or FITNESS FOR A
# PARTICULAR PURPOSE.

# This program built for i386-apple-darwin11.3.0
 

# Make data base, printed on Sun Sep 11 21:19:46 2022

# Variables

# automatic
<D = $(patsubst %/,%,$(dir $<))
# automatic
?F = $(notdir $?)
# automatic
?D = $(patsubst %/,%,$(dir $?))
# automatic
@D = $(patsubst %/,%,$(dir $@))
# automatic
@F = $(notdir $@)
# makefile
CURDIR := /Users/rarahhal/Desktop/minishell
# makefile
SHELL = /bin/sh
# environment
VSCODE_NLS_CONFIG = {"locale":"en-us","availableLanguages":{},"_languagePackSupport":true}
# environment
_ = /usr/bin/make
# makefile (from `Makefile', line 1)
MAKEFILE_LIST :=  Makefile
# makefile (from `Makefile', line 17)
SRCS = src/main.c src/lexer.c src/token.c src/tac.c src/parser.c src/env.c src/expanda.c src/execution.c execution/tools/tools1.c execution/tools/arr_tools.c execution/tools/arr_tools2.c execution/execute.c execution/ex_tools.c execution/ex_tools2.c execution/builtins/cd.c execution/builtins/echo.c execution/builtins/env.c execution/builtins/exit.c execution/builtins/export.c execution/builtins/pwd.c execution/builtins/unset.c execution/builtins/builtins_tools.c 
# makefile (from `Makefile', line 63)
OBJS = $(SRCS:.c=.o)
# environment
VSCODE_CWD = /
# environment
Apple_PubSub_Socket_Render = /private/tmp/com.apple.launchd.9gGYOIVxlP/Render
# environment
PATH = /Users/rarahhal/.brew/bin:/usr/local/bin:/usr/bin:/bin:/usr/sbin:/sbin:/usr/local/munki:/Applications/Visual Studio Code.app/Contents/Resources/app/bin
# environment
LSCOLORS = Gxfxcxdxbxegedabagacad
# environment
ELECTRON_RUN_AS_NODE = 1
# default
.FEATURES := target-specific order-only second-expansion else-if archives jobserver check-symlink
# environment
SSH_AUTH_SOCK = /private/tmp/com.apple.launchd.JgmFElyGkW/Listeners
# automatic
%F = $(notdir $%)
# environment
HOMEBREW_TEMP = /tmp/rarahhal/Homebrew/Temp
# environment
PWD = /Users/rarahhal/Desktop/minishell
# environment
ORIGINAL_XDG_CURRENT_DESKTOP = undefined
# environment
VSCODE_AMD_ENTRYPOINT = vs/workbench/api/node/extensionHostProcess
# environment
HOME = /Users/rarahhal
# default
MAKEFILEPATH := /Applications/Xcode.app/Contents/Developer/Makefiles
# environment
VSCODE_CODE_CACHE_PATH = /Users/rarahhal/Library/Application Support/Code/CachedData/784b0177c56c607789f9638da7b6bf3230d47a8c
# environment
LOGNAME = rarahhal
# environment
APPLICATION_INSIGHTS_NO_DIAGNOSTIC_CHANNEL = 1
# environment
ZSH = /Users/rarahhal/.oh-my-zsh
# environment
VSCODE_HANDLES_UNCAUGHT_ERRORS = true
# automatic
^D = $(patsubst %/,%,$(dir $^))
# makefile (from `Makefile', line 51)
EXECUT_LIBFT = execut_libft/ft_split.c execut_libft/ft_atoi.c execut_libft/ft_strcmp.c execut_libft/ft_strchr.c execut_libft/ft_strlcpy.c execut_libft/ft_isalpha.c execut_libft/ft_isdigit.c execut_libft/ft_putstr_fd.c execut_libft/ft_itoa.c execut_libft/ft_substr.c
# environment
XPC_FLAGS = 0x0
# default
MAKE = $(MAKE_COMMAND)
# default
MAKECMDGOALS := all
# environment
HOMEBREW_CACHE = /tmp/rarahhal/Homebrew/Caches
# environment
SHLVL = 1
# makefile (from `Makefile', line 40)
LIBFT = libft/ft_calloc.c libft/ft_realloc.c libft/ft_strlen.c libft/ft_non_tokenable.c libft/ft_strjoin.c libft/ft_strdup.c libft/ft_strncmp.c libft/linked_list.c libft/ft_strnstr.c libft/ft_randstring.c 
# makefile (from `Makefile', line 15)
CC = cc
# default
MAKE_VERSION := 3.81
# environment
USER = rarahhal
# makefile
.DEFAULT_GOAL := minishell
# makefile (from `Makefile', line 13)
NAME = minishell
# environment
LESS = -R
# automatic
%D = $(patsubst %/,%,$(dir $%))
# default
MAKE_COMMAND := /Applications/Xcode.app/Contents/Developer/usr/bin/make
# default
.VARIABLES := 
# environment
TMPDIR = /var/folders/zz/zyxvpxvq6csfxvn_n0000jvr0004fy/T/
# automatic
*F = $(notdir $*)
# environment
VSCODE_IPC_HOOK = /Users/rarahhal/Library/Application Support/Code/1.71.0-main.sock
# environment
MallocNanoZone = 0
# makefile
MAKEFLAGS = Rrqp
# environment
MFLAGS = -Rrqp
# automatic
*D = $(patsubst %/,%,$(dir $*))
# environment
XPC_SERVICE_NAME = com.apple.xpc.launchd.oneshot.0x10000001.Electron
# automatic
+D = $(patsubst %/,%,$(dir $+))
# automatic
+F = $(notdir $+)
# environment
__CF_USER_TEXT_ENCODING = 0x11DE:0x0:0x0
# environment
COMMAND_MODE = unix2003
# default
MAKEFILES := 
# automatic
<F = $(notdir $<)
# environment
PAGER = less
# environment
LC_ALL = C
# environment
SECURITYSESSIONID = 186aa
# automatic
^F = $(notdir $^)
# default
SUFFIXES := 
# makefile (from `Makefile', line 14)
FLAGS = -Wall -Werror -Wextra
# default
.INCLUDE_DIRS = /usr/local/include
# makefile (from `Makefile', line 65)
OBJS_EL = $(EXECUT_LIBFT:.c=.o)
# environment
MAKELEVEL := 0
# makefile (from `Makefile', line 64)
OBJS_L = $(LIBFT:.c=.o)
# environment
LANG = C
# environment
VSCODE_PID = 3846
# variable set hash-table stats:
# Load=74/1024=7%, Rehash=0, Collisions=5/105=5%

# Pattern-specific Variable Values

# No pattern-specific variable values.

# Directories

# . (device 16777227, inode 1340461): 16 files, no impossibilities.

# 16 files, no impossibilities in 1 directories.

# Implicit Rules

# No implicit rules.

# Files

# Not a target:
execution/builtins/pwd.o:
#  Implicit rule search has been done.
#  Last modified 2022-09-11 15:31:09
#  File has been updated.
#  Successfully updated.
# variable set hash-table stats:
# Load=0/32=0%, Rehash=0, Collisions=0/0=0%

# Not a target:
execution/builtins/cd.o:
#  Implicit rule search has been done.
#  Last modified 2022-09-11 15:31:09
#  File has been updated.
#  Successfully updated.
# variable set hash-table stats:
# Load=0/32=0%, Rehash=0, Collisions=0/0=0%

# Not a target:
execut_libft/ft_atoi.c:
#  Implicit rule search has been done.
#  Last modified 2022-09-11 15:31:09
#  File has been updated.
#  Successfully updated.
# variable set hash-table stats:
# Load=0/32=0%, Rehash=0, Collisions=0/0=0%

# Not a target:
execution/tools/arr_tools2.o:
#  Implicit rule search has been done.
#  Last modified 2022-09-11 15:31:09
#  File has been updated.
#  Successfully updated.
# variable set hash-table stats:
# Load=0/32=0%, Rehash=0, Collisions=0/0=0%

all: minishell
#  Phony target (prerequisite of .PHONY).
#  Command-line target.
#  Implicit rule search has not been done.
#  File does not exist.
#  File has been updated.
#  Successfully updated.
# variable set hash-table stats:
# Load=0/32=0%, Rehash=0, Collisions=0/0=0%

# Not a target:
execution/builtins/echo.o:
#  Implicit rule search has been done.
#  Last modified 2022-09-11 15:31:09
#  File has been updated.
#  Successfully updated.
# variable set hash-table stats:
# Load=0/32=0%, Rehash=0, Collisions=0/0=0%

.PHONY: all clean fclean re
#  Implicit rule search has not been done.
#  Modification time never checked.
#  File has not been updated.

# Not a target:
libft/ft_strlen.o:
#  Implicit rule search has been done.
#  Last modified 2022-09-11 20:38:53
#  File has been updated.
#  Successfully updated.
# variable set hash-table stats:
# Load=0/32=0%, Rehash=0, Collisions=0/0=0%

# Not a target:
src/main.o:
#  Implicit rule search has been done.
#  Last modified 2022-09-11 20:38:53
#  File has been updated.
#  Successfully updated.
# variable set hash-table stats:
# Load=0/32=0%, Rehash=0, Collisions=0/0=0%

# Not a target:
execution/builtins/export.o:
#  Implicit rule search has been done.
#  Last modified 2022-09-11 15:31:09
#  File has been updated.
#  Successfully updated.
# variable set hash-table stats:
# Load=0/32=0%, Rehash=0, Collisions=0/0=0%

# Not a target:
src/tac.o:
#  Implicit rule search has been done.
#  Last modified 2022-09-11 20:38:53
#  File has been updated.
#  Successfully updated.
# variable set hash-table stats:
# Load=0/32=0%, Rehash=0, Collisions=0/0=0%

# Not a target:
execut_libft/ft_itoa.c:
#  Implicit rule search has been done.
#  Last modified 2022-09-11 15:31:09
#  File has been updated.
#  Successfully updated.
# variable set hash-table stats:
# Load=0/32=0%, Rehash=0, Collisions=0/0=0%

# Not a target:
execution/tools/tools1.o:
#  Implicit rule search has been done.
#  Last modified 2022-09-11 15:31:09
#  File has been updated.
#  Successfully updated.
# variable set hash-table stats:
# Load=0/32=0%, Rehash=0, Collisions=0/0=0%

# Not a target:
execut_libft/ft_isdigit.c:
#  Implicit rule search has been done.
 
#  Last modified 2022-09-11 15:31:09
#  File has been updated.
#  Successfully updated.
# variable set hash-table stats:
# Load=0/32=0%, Rehash=0, Collisions=0/0=0%

# Not a target:
src/lexer.o:
#  Implicit rule search has been done.
#  Last modified 2022-09-11 20:38:53
#  File has been updated.
#  Successfully updated.
# variable set hash-table stats:
# Load=0/32=0%, Rehash=0, Collisions=0/0=0%

# Not a target:
execut_libft/ft_strchr.c:
#  Implicit rule search has been done.
#  Last modified 2022-09-11 15:31:09
#  File has been updated.
#  Successfully updated.
# variable set hash-table stats:
# Load=0/32=0%, Rehash=0, Collisions=0/0=0%

# Not a target:
.SUFFIXES:
#  Implicit rule search has not been done.
#  Modification time never checked.
#  File has not been updated.

# Not a target:
Makefile:
#  Implicit rule search has been done.
#  Last modified 2022-09-11 15:31:09
#  File has been updated.
#  Successfully updated.
# variable set hash-table stats:
# Load=0/32=0%, Rehash=0, Collisions=0/0=0%

# Not a target:
execution/ex_tools2.o:
#  Implicit rule search has been done.
#  Last modified 2022-09-11 15:31:09
#  File has been updated.
#  Successfully updated.
# variable set hash-table stats:
# Load=0/32=0%, Rehash=0, Collisions=0/0=0%

# Not a target:
execut_libft/ft_split.c:
#  Implicit rule search has been done.
#  Last modified 2022-09-11 18:49:34
#  File has been updated.
#  Successfully updated.
# variable set hash-table stats:
# Load=0/32=0%, Rehash=0, Collisions=0/0=0%

# Not a target:
libft/ft_strjoin.o:
#  Implicit rule search has been done.
#  Last modified 2022-09-11 20:38:53
#  File has been updated.
#  Successfully updated.
# variable set hash-table stats:
# Load=0/32=0%, Rehash=0, Collisions=0/0=0%

# Not a target:
src/expanda.o:
#  Implicit rule search has been done.
#  Last modified 2022-09-11 20:38:53
#  File has been updated.
#  Successfully updated.
# variable set hash-table stats:
# Load=0/32=0%, Rehash=0, Collisions=0/0=0%

minishell: src/main.o src/lexer.o src/token.o src/tac.o src/parser.o src/env.o src/expanda.o src/execution.o execution/tools/tools1.o execution/tools/arr_tools.o execution/tools/arr_tools2.o execution/execute.o execution/ex_tools.o execution/ex_tools2.o execution/builtins/cd.o execution/builtins/echo.o execution/builtins/env.o execution/builtins/exit.o execution/builtins/export.o execution/builtins/pwd.o execution/builtins/unset.o execution/builtins/builtins_tools.o libft/ft_calloc.o libft/ft_realloc.o libft/ft_strlen.o libft/ft_non_tokenable.o libft/ft_strjoin.o libft/ft_strdup.o libft/ft_strncmp.o libft/linked_list.o libft/ft_strnstr.o libft/ft_randstring.o execut_libft/ft_split.c execut_libft/ft_atoi.c execut_libft/ft_strcmp.c execut_libft/ft_strchr.c execut_libft/ft_strlcpy.c execut_libft/ft_isalpha.c execut_libft/ft_isdigit.c execut_libft/ft_putstr_fd.c execut_libft/ft_itoa.c execut_libft/ft_substr.c
#  Implicit rule search has not been done.
#  Last modified 2022-09-11 20:38:54
#  File has been updated.
#  Successfully updated.
# variable set hash-table stats:
# Load=0/32=0%, Rehash=0, Collisions=0/0=0%
#  commands to execute (from `Makefile', line 68):
	$(CC) -lreadline $(FLAGS) $(OBJS) $(OBJS_L) $(EXECUT_LIBFT) -o $(NAME)
	

# Not a target:
execution/builtins/env.o:
#  Implicit rule search has been done.
#  Last modified 2022-09-11 15:31:09
#  File has been updated.
#  Successfully updated.
# variable set hash-table stats:
# Load=0/32=0%, Rehash=0, Collisions=0/0=0%

# Not a target:
execution/builtins/exit.o:
#  Implicit rule search has been done.
#  Last modified 2022-09-11 15:31:09
#  File has been updated.
#  Successfully updated.
# variable set hash-table stats:
# Load=0/32=0%, Rehash=0, Collisions=0/0=0%

fclean: clean
#  Phony target (prerequisite of .PHONY).
#  Implicit rule search has not been done.
#  File does not exist.
#  File has not been updated.
#  commands to execute (from `Makefile', line 78):
	@rm -f $(NAME)
	

# Not a target:
src/token.o:
#  Implicit rule search has been done.
#  Last modified 2022-09-11 20:38:53
#  File has been updated.
#  Successfully updated.
# variable set hash-table stats:
# Load=0/32=0%, Rehash=0, Collisions=0/0=0%

# Not a target:
libft/ft_non_tokenable.o:
#  Implicit rule search has been done.
#  Last modified 2022-09-11 20:38:53
#  File has been updated.
#  Successfully updated.
# variable set hash-table stats:
# Load=0/32=0%, Rehash=0, Collisions=0/0=0%

# Not a target:
libft/ft_calloc.o:
#  Implicit rule search has been done.
#  Last modified 2022-09-11 20:38:53
#  File has been updated.
#  Successfully updated.
# variable set hash-table stats:
# Load=0/32=0%, Rehash=0, Collisions=0/0=0%

# Not a target:
.DEFAULT:
#  Implicit rule search has not been done.
#  Modification time never checked.
#  File has not been updated.

# Not a target:
execution/builtins/unset.o:
#  Implicit rule search has been done.
#  Last modified 2022-09-11 15:31:09
#  File has been updated.
#  Successfully updated.
# variable set hash-table stats:
# Load=0/32=0%, Rehash=0, Collisions=0/0=0%

# Not a target:
execution/execute.o:
#  Implicit rule search has been done.
#  Last modified 2022-09-11 18:06:49
#  File has been updated.
#  Successfully updated.
# variable set hash-table stats:
# Load=0/32=0%, Rehash=0, Collisions=0/0=0%

# Not a target:
src/execution.o:
#  Implicit rule search has been done.
#  Last modified 2022-09-11 20:38:53
#  File has been updated.
#  Successfully updated.
# variable set hash-table stats:
# Load=0/32=0%, Rehash=0, Collisions=0/0=0%

# Not a target:
execut_libft/ft_substr.c:
#  Implicit rule search has been done.
#  Last modified 2022-09-11 15:31:09
#  File has been updated.
#  Successfully updated.
# variable set hash-table stats:
# Load=0/32=0%, Rehash=0, Collisions=0/0=0%

# Not a target:
execution/tools/arr_tools.o:
#  Implicit rule search has been done.
#  Last modified 2022-09-11 15:31:09
#  File has been updated.
#  Successfully updated.
# variable set hash-table stats:
# Load=0/32=0%, Rehash=0, Collisions=0/0=0%

re: fclean
#  Phony target (prerequisite of .PHONY).
#  Implicit rule search has not been done.
#  File does not exist.
#  File has not been updated.
#  commands to execute (from `Makefile', line 81):
	@make all
	

clean:
#  Phony target (prerequisite of .PHONY).
#  Implicit rule search has not been done.
#  File does not exist.
#  File has not been updated.
#  commands to execute (from `Makefile', line 73):
	@rm -rf src/*.o
	@rm -rf libft/*.o
	@rm -rf execut_libft/*.o
	

# Not a target:
execut_libft/ft_isalpha.c:
#  Implicit rule search has been done.
#  Last modified 2022-09-11 15:31:09
#  File has been updated.
#  Successfully updated.
# variable set hash-table stats:
# Load=0/32=0%, Rehash=0, Collisions=0/0=0%

# Not a target:
libft/ft_strncmp.o:
#  Implicit rule search has been done.
#  Last modified 2022-09-11 20:38:53
#  File has been updated.
#  Successfully updated.
# variable set hash-table stats:
# Load=0/32=0%, Rehash=0, Collisions=0/0=0%

# Not a target:
execution/builtins/builtins_tools.o:
#  Implicit rule search has been done.
#  Last modified 2022-09-11 15:44:38
#  File has been updated.
#  Successfully updated.
# variable set hash-table stats:
# Load=0/32=0%, Rehash=0, Collisions=0/0=0%

# Not a target:
execut_libft/ft_strlcpy.c:
#  Implicit rule search has been done.
#  Last modified 2022-09-11 15:31:09
#  File has been updated.
#  Successfully updated.
# variable set hash-table stats:
# Load=0/32=0%, Rehash=0, Collisions=0/0=0%

# Not a target:
libft/ft_realloc.o:
#  Implicit rule search has been done.
#  Last modified 2022-09-11 20:38:53
#  File has been updated.
#  Successfully updated.
# variable set hash-table stats:
# Load=0/32=0%, Rehash=0, Collisions=0/0=0%

# Not a target:
libft/linked_list.o:
#  Implicit rule search has been done.
#  Last modified 2022-09-11 20:38:54
#  File has been updated.
#  Successfully updated.
# variable set hash-table stats:
# Load=0/32=0%, Rehash=0, Collisions=0/0=0%

# Not a target:
libft/ft_strdup.o:
#  Implicit rule search has been done.
#  Last modified 2022-09-11 20:38:53
#  File has been updated.
#  Successfully updated.
# variable set hash-table stats:
 
# Load=0/32=0%, Rehash=0, Collisions=0/0=0%

# Not a target:
src/env.o:
#  Implicit rule search has been done.
#  Last modified 2022-09-11 20:38:53
#  File has been updated.
#  Successfully updated.
# variable set hash-table stats:
# Load=0/32=0%, Rehash=0, Collisions=0/0=0%

# Not a target:
execut_libft/ft_strcmp.c:
#  Implicit rule search has been done.
#  Last modified 2022-09-11 15:31:09
#  File has been updated.
#  Successfully updated.
# variable set hash-table stats:
# Load=0/32=0%, Rehash=0, Collisions=0/0=0%

# Not a target:
libft/ft_randstring.o:
#  Implicit rule search has been done.
#  Last modified 2022-09-11 20:38:54
#  File has been updated.
#  Successfully updated.
# variable set hash-table stats:
# Load=0/32=0%, Rehash=0, Collisions=0/0=0%

# Not a target:
execution/ex_tools.o:
#  Implicit rule search has been done.
#  Last modified 2022-09-11 18:06:49
#  File has been updated.
#  Successfully updated.
# variable set hash-table stats:
# Load=0/32=0%, Rehash=0, Collisions=0/0=0%

# Not a target:
libft/ft_strnstr.o:
#  Implicit rule search has been done.
#  Last modified 2022-09-11 20:38:54
#  File has been updated.
#  Successfully updated.
# variable set hash-table stats:
# Load=0/32=0%, Rehash=0, Collisions=0/0=0%

# Not a target:
execut_libft/ft_putstr_fd.c:
#  Implicit rule search has been done.
#  Last modified 2022-09-11 15:31:09
#  File has been updated.
#  Successfully updated.
# variable set hash-table stats:
# Load=0/32=0%, Rehash=0, Collisions=0/0=0%

# Not a target:
src/parser.o:
#  Implicit rule search has been done.
#  Last modified 2022-09-11 20:38:53
#  File has been updated.
#  Successfully updated.
# variable set hash-table stats:
# Load=0/32=0%, Rehash=0, Collisions=0/0=0%

# files hash-table stats:
# Load=51/1024=5%, Rehash=0, Collisions=5/113=4%
# VPATH Search Paths

# No `vpath' search paths.

# No general (`VPATH' variable) search path.

# # of strings in strcache: 1
# # of strcache buffers: 1
# strcache size: total = 4096 / max = 4096 / min = 4096 / avg = 4096
# strcache free: total = 4087 / max = 4087 / min = 4087 / avg = 4087

# Finished Make data base on Sun Sep 11 21:19:46 2022

 
